<?xml version="1.0" encoding="UTF-8" standalone="yes"?>
<DiscoveredDevice>
    <name>M-238</name>
    <parameters>
        <parameter>
            <name>discoveredState</name>
            <value>discovered</value>
        </parameter>
        <parameter>
            <name>sysDescr</name>
            <value>Cisco IOS Software, M340x Software (M340x-MTROACCESS-M), Version 12.2(50)SE1, RELEASE SOFTWARE (fc2)
Copyright (c) 1986-2009 by Cisco Systems, Inc.
Compiled Mon 06-Apr-09 06:02 by amvarma</value>
        </parameter>
        <parameter>
            <name>deviceType</name>
            <value>CISCO</value>
        </parameter>
        <parameter>
            <name>deviceModel</name>
            <value>cisco340024TSD</value>
        </parameter>
        <parameter>
            <name>ipAddress</name>
            <value></value>
        </parameter>
        <parameter>
            <name>MacAddress</name>
            <value>00:26:0a:3c:42:c0</value>
        </parameter>
        <parameter>
            <name>totalInterfaceCount</name>
            <value>29</value>
        </parameter>
        <parameter>
            <name>ipv6Forwarding</name>
            <value>NO</value>
        </parameter>
        <parameter>
            <name>ipv4Forwarding</name>
            <value>YES</value>
        </parameter>
        <parameter>
            <name>deviceModelOid</name>
            <value>1.3.6.1.4.1.9.1.737</value>
        </parameter>
        <parameter>
            <name>bgpASInfo</name>
            <value>f0:40:00:40</value>
        </parameter>
        <parameter>
            <name>baseBridgeAddress</name>
            <value>00:26:0a:3c:42:80</value>
        </parameter>
        <parameter>
            <name>stpDesignatedRoot</name>
            <value>80:01:00:26:0a:3c:42:80</value>
        </parameter>
        <parameter>
            <name>sysLocation</name>
            <value></value>
        </parameter>
    </parameters>
    <object>
        <name>Vlan1</name>
        <objectType>Discovery Interface</objectType>
        <parameters>
            <parameter>
                <name>ifIndex</name>
                <value>1</value>
            </parameter>
            <parameter>
                <name>ifDescr</name>
                <value>Vlan1</value>
            </parameter>
            <parameter>
                <name>ifName</name>
                <value>Vl1</value>
            </parameter>
            <parameter>
                <name>ifType</name>
                <value>ianaifType</value>
            </parameter>
            <parameter>
                <name>ifSpeed</name>
                <value></value>
            </parameter>
            <parameter>
                <name>ifAdminStatus</name>
                <value>DOWN</value>
            </parameter>
            <parameter>
                <name>ifOperStatus</name>
                <value>DOWN</value>
            </parameter>
            <parameter>
                <name>ifPhysAddress</name>
                <value>00:26:0a:3c:42:c0</value>
            </parameter>
            <parameter>
                <name>CableCut</name>
                <value>NO</value>
            </parameter>
            <parameter>
                <name>IPv4Forwarding</name>
                <value>NO</value>
            </parameter>
            <parameter>
                <name>IPv6Forwarding</name>
                <value>NO</value>
            </parameter>
            <parameter>
                <name>vrfForwarding</name>
                <value></value>
            </parameter>
        </parameters>
    </object>
    <object>
        <name>Vlan110</name>
        <objectType>Discovery Interface</objectType>
        <parameters>
            <parameter>
                <name>ifIndex</name>
                <value>110</value>
            </parameter>
            <parameter>
                <name>ifDescr</name>
                <value>Vlan110</value>
            </parameter>
            <parameter>
                <name>ifName</name>
                <value>Vl110</value>
            </parameter>
            <parameter>
                <name>ifType</name>
                <value>ianaifType</value>
            </parameter>
            <parameter>
                <name>ifSpeed</name>
                <value></value>
            </parameter>
            <parameter>
                <name>ifAdminStatus</name>
                <value>UP</value>
            </parameter>
            <parameter>
                <name>ifOperStatus</name>
                <value>UP</value>
            </parameter>
            <parameter>
                <name>ifPhysAddress</name>
                <value>00:26:0a:3c:42:c1</value>
            </parameter>
            <parameter>
                <name>CableCut</name>
                <value>NO</value>
            </parameter>
            <parameter>
                <name>IPv4Forwarding</name>
                <value>YES</value>
            </parameter>
            <parameter>
                <name>IPv6Forwarding</name>
                <value>NO</value>
            </parameter>
            <parameter>
                <name>vrfForwarding</name>
                <value></value>
            </parameter>
        </parameters>
        <object>
            <name>10.32.219.61/24</name>
            <objectType>IPv4 Address</objectType>
            <parameters>
                <parameter>
                    <name>IPv4Address</name>
                    <value>10.32.219.61</value>
                </parameter>
                <parameter>
                    <name>ipSubnetMask</name>
                    <value>255.255.255.0</value>
                </parameter>
                <parameter>
                    <name>ipv4Subnet</name>
                    <value>10.32.219.0</value>
                </parameter>
                <parameter>
                    <name>ipv4SubnetPrefix</name>
                    <value>24</value>
                </parameter>
                <parameter>
                    <name>ipv4SubnetBroadcast</name>
                    <value>10.32.219.255</value>
                </parameter>
            </parameters>
        </object>
    </object>
    <object>
        <name>FastEthernet0/1</name>
        <objectType>Discovery Interface</objectType>
        <parameters>
            <parameter>
                <name>ifIndex</name>
                <value>10001</value>
            </parameter>
            <parameter>
                <name>ifDescr</name>
                <value>FastEthernet0/1</value>
            </parameter>
            <parameter>
                <name>ifName</name>
                <value>Fa0/1</value>
            </parameter>
            <parameter>
                <name>ifType</name>
                <value>ethernetCsmacd</value>
            </parameter>
            <parameter>
                <name>ifSpeed</name>
                <value></value>
            </parameter>
            <parameter>
                <name>ifAdminStatus</name>
                <value>UP</value>
            </parameter>
            <parameter>
                <name>ifOperStatus</name>
                <value>DOWN</value>
            </parameter>
            <parameter>
                <name>ifPhysAddress</name>
                <value>00:26:0a:3c:42:83</value>
            </parameter>
            <parameter>
                <name>CableCut</name>
                <value>UNKNOWN</value>
            </parameter>
            <parameter>
                <name>IPv4Forwarding</name>
                <value>NO</value>
            </parameter>
            <parameter>
                <name>IPv6Forwarding</name>
                <value>NO</value>
            </parameter>
            <parameter>
                <name>vrfForwarding</name>
                <value></value>
            </parameter>
        </parameters>
    </object>
    <object>
        <name>FastEthernet0/2</name>
        <objectType>Discovery Interface</objectType>
        <parameters>
            <parameter>
                <name>ifIndex</name>
                <value>10002</value>
            </parameter>
            <parameter>
                <name>ifDescr</name>
                <value>FastEthernet0/2</value>
            </parameter>
            <parameter>
                <name>ifName</name>
                <value>Fa0/2</value>
            </parameter>
            <parameter>
                <name>ifType</name>
                <value>ethernetCsmacd</value>
            </parameter>
            <parameter>
                <name>ifSpeed</name>
                <value></value>
            </parameter>
            <parameter>
                <name>ifAdminStatus</name>
                <value>UP</value>
            </parameter>
            <parameter>
                <name>ifOperStatus</name>
                <value>UP</value>
            </parameter>
            <parameter>
                <name>ifPhysAddress</name>
                <value>00:26:0a:3c:42:84</value>
            </parameter>
            <parameter>
                <name>CableCut</name>
                <value>NO</value>
            </parameter>
            <parameter>
                <name>IPv4Forwarding</name>
                <value>NO</value>
            </parameter>
            <parameter>
                <name>IPv6Forwarding</name>
                <value>NO</value>
            </parameter>
            <parameter>
                <name>vrfForwarding</name>
                <value></value>
            </parameter>
        </parameters>
    </object>
    <object>
        <name>FastEthernet0/3</name>
        <objectType>Discovery Interface</objectType>
        <parameters>
            <parameter>
                <name>ifIndex</name>
                <value>10003</value>
            </parameter>
            <parameter>
                <name>ifDescr</name>
                <value>FastEthernet0/3</value>
            </parameter>
            <parameter>
                <name>ifName</name>
                <value>Fa0/3</value>
            </parameter>
            <parameter>
                <name>ifType</name>
                <value>ethernetCsmacd</value>
            </parameter>
            <parameter>
                <name>ifSpeed</name>
                <value></value>
            </parameter>
            <parameter>
                <name>ifAdminStatus</name>
                <value>UP</value>
            </parameter>
            <parameter>
                <name>ifOperStatus</name>
                <value>DOWN</value>
            </parameter>
            <parameter>
                <name>ifPhysAddress</name>
                <value>00:26:0a:3c:42:85</value>
            </parameter>
            <parameter>
                <name>CableCut</name>
                <value>UNKNOWN</value>
            </parameter>
            <parameter>
                <name>IPv4Forwarding</name>
                <value>NO</value>
            </parameter>
            <parameter>
                <name>IPv6Forwarding</name>
                <value>NO</value>
            </parameter>
            <parameter>
                <name>vrfForwarding</name>
                <value></value>
            </parameter>
        </parameters>
    </object>
    <object>
        <name>FastEthernet0/4</name>
        <objectType>Discovery Interface</objectType>
        <parameters>
            <parameter>
                <name>ifIndex</name>
                <value>10004</value>
            </parameter>
            <parameter>
                <name>ifDescr</name>
                <value>FastEthernet0/4</value>
            </parameter>
            <parameter>
                <name>ifName</name>
                <value>Fa0/4</value>
            </parameter>
            <parameter>
                <name>ifType</name>
                <value>ethernetCsmacd</value>
            </parameter>
            <parameter>
                <name>ifSpeed</name>
                <value></value>
            </parameter>
            <parameter>
                <name>ifAdminStatus</name>
                <value>UP</value>
            </parameter>
            <parameter>
                <name>ifOperStatus</name>
                <value>UP</value>
            </parameter>
            <parameter>
                <name>ifPhysAddress</name>
                <value>00:26:0a:3c:42:86</value>
            </parameter>
            <parameter>
                <name>CableCut</name>
                <value>NO</value>
            </parameter>
            <parameter>
                <name>IPv4Forwarding</name>
                <value>NO</value>
            </parameter>
            <parameter>
                <name>IPv6Forwarding</name>
                <value>NO</value>
            </parameter>
            <parameter>
                <name>vrfForwarding</name>
                <value></value>
            </parameter>
        </parameters>
    </object>
    <object>
        <name>FastEthernet0/5</name>
        <objectType>Discovery Interface</objectType>
        <parameters>
            <parameter>
                <name>ifIndex</name>
                <value>10005</value>
            </parameter>
            <parameter>
                <name>ifDescr</name>
                <value>FastEthernet0/5</value>
            </parameter>
            <parameter>
                <name>ifName</name>
                <value>Fa0/5</value>
            </parameter>
            <parameter>
                <name>ifType</name>
                <value>ethernetCsmacd</value>
            </parameter>
            <parameter>
                <name>ifSpeed</name>
                <value></value>
            </parameter>
            <parameter>
                <name>ifAdminStatus</name>
                <value>UP</value>
            </parameter>
            <parameter>
                <name>ifOperStatus</name>
                <value>UP</value>
            </parameter>
            <parameter>
                <name>ifPhysAddress</name>
                <value>00:26:0a:3c:42:87</value>
            </parameter>
            <parameter>
                <name>CableCut</name>
                <value>NO</value>
            </parameter>
            <parameter>
                <name>IPv4Forwarding</name>
                <value>NO</value>
            </parameter>
            <parameter>
                <name>IPv6Forwarding</name>
                <value>NO</value>
            </parameter>
            <parameter>
                <name>vrfForwarding</name>
                <value></value>
            </parameter>
        </parameters>
        <object>
            <name>S-238-3</name>
            <objectType>Discovered Neighbor</objectType>
            <parameters>
                <parameter>
                    <name>Reachable</name>
                    <value>NO</value>
                </parameter>
                <parameter>
                    <name>Discovery Method</name>
                    <value>CDP</value>
                </parameter>
                <parameter>
                    <name>Neighbor Port</name>
                    <value>FastEthernet0/24</value>
                </parameter>
                <parameter>
                    <name>Neighbor IP Address</name>
                    <value></value>
                </parameter>
                <parameter>
                    <name>Neighbor hostname</name>
                    <value>S-238-3</value>
                </parameter>
                <parameter>
                    <name>Neighbor Device Type</name>
                    <value>UNKNOWN</value>
                </parameter>
                <parameter>
                    <name>Neighbor MAC Address</name>
                    <value></value>
                </parameter>
            </parameters>
        </object>
    </object>
    <object>
        <name>FastEthernet0/6</name>
        <objectType>Discovery Interface</objectType>
        <parameters>
            <parameter>
                <name>ifIndex</name>
                <value>10006</value>
            </parameter>
            <parameter>
                <name>ifDescr</name>
                <value>FastEthernet0/6</value>
            </parameter>
            <parameter>
                <name>ifName</name>
                <value>Fa0/6</value>
            </parameter>
            <parameter>
                <name>ifType</name>
                <value>ethernetCsmacd</value>
            </parameter>
            <parameter>
                <name>ifSpeed</name>
                <value></value>
            </parameter>
            <parameter>
                <name>ifAdminStatus</name>
                <value>DOWN</value>
            </parameter>
            <parameter>
                <name>ifOperStatus</name>
                <value>DOWN</value>
            </parameter>
            <parameter>
                <name>ifPhysAddress</name>
                <value>00:26:0a:3c:42:88</value>
            </parameter>
            <parameter>
                <name>CableCut</name>
                <value>NO</value>
            </parameter>
            <parameter>
                <name>IPv4Forwarding</name>
                <value>NO</value>
            </parameter>
            <parameter>
                <name>IPv6Forwarding</name>
                <value>NO</value>
            </parameter>
            <parameter>
                <name>vrfForwarding</name>
                <value></value>
            </parameter>
        </parameters>
    </object>
    <object>
        <name>FastEthernet0/7</name>
        <objectType>Discovery Interface</objectType>
        <parameters>
            <parameter>
                <name>ifIndex</name>
                <value>10007</value>
            </parameter>
            <parameter>
                <name>ifDescr</name>
                <value>FastEthernet0/7</value>
            </parameter>
            <parameter>
                <name>ifName</name>
                <value>Fa0/7</value>
            </parameter>
            <parameter>
                <name>ifType</name>
                <value>ethernetCsmacd</value>
            </parameter>
            <parameter>
                <name>ifSpeed</name>
                <value></value>
            </parameter>
            <parameter>
                <name>ifAdminStatus</name>
                <value>DOWN</value>
            </parameter>
            <parameter>
                <name>ifOperStatus</name>
                <value>DOWN</value>
            </parameter>
            <parameter>
                <name>ifPhysAddress</name>
                <value>00:26:0a:3c:42:89</value>
            </parameter>
            <parameter>
                <name>CableCut</name>
                <value>NO</value>
            </parameter>
            <parameter>
                <name>IPv4Forwarding</name>
                <value>NO</value>
            </parameter>
            <parameter>
                <name>IPv6Forwarding</name>
                <value>NO</value>
            </parameter>
            <parameter>
                <name>vrfForwarding</name>
                <value></value>
            </parameter>
        </parameters>
    </object>
    <object>
        <name>FastEthernet0/8</name>
        <objectType>Discovery Interface</objectType>
        <parameters>
            <parameter>
                <name>ifIndex</name>
                <value>10008</value>
            </parameter>
            <parameter>
                <name>ifDescr</name>
                <value>FastEthernet0/8</value>
            </parameter>
            <parameter>
                <name>ifName</name>
                <value>Fa0/8</value>
            </parameter>
            <parameter>
                <name>ifType</name>
                <value>ethernetCsmacd</value>
            </parameter>
            <parameter>
                <name>ifSpeed</name>
                <value></value>
            </parameter>
            <parameter>
                <name>ifAdminStatus</name>
                <value>DOWN</value>
            </parameter>
            <parameter>
                <name>ifOperStatus</name>
                <value>DOWN</value>
            </parameter>
            <parameter>
                <name>ifPhysAddress</name>
                <value>00:26:0a:3c:42:8a</value>
            </parameter>
            <parameter>
                <name>CableCut</name>
                <value>NO</value>
            </parameter>
            <parameter>
                <name>IPv4Forwarding</name>
                <value>NO</value>
            </parameter>
            <parameter>
                <name>IPv6Forwarding</name>
                <value>NO</value>
            </parameter>
            <parameter>
                <name>vrfForwarding</name>
                <value></value>
            </parameter>
        </parameters>
    </object>
    <object>
        <name>FastEthernet0/9</name>
        <objectType>Discovery Interface</objectType>
        <parameters>
            <parameter>
                <name>ifIndex</name>
                <value>10009</value>
            </parameter>
            <parameter>
                <name>ifDescr</name>
                <value>FastEthernet0/9</value>
            </parameter>
            <parameter>
                <name>ifName</name>
                <value>Fa0/9</value>
            </parameter>
            <parameter>
                <name>ifType</name>
                <value>ethernetCsmacd</value>
            </parameter>
            <parameter>
                <name>ifSpeed</name>
                <value></value>
            </parameter>
            <parameter>
                <name>ifAdminStatus</name>
                <value>DOWN</value>
            </parameter>
            <parameter>
                <name>ifOperStatus</name>
                <value>DOWN</value>
            </parameter>
            <parameter>
                <name>ifPhysAddress</name>
                <value>00:26:0a:3c:42:8b</value>
            </parameter>
            <parameter>
                <name>CableCut</name>
                <value>NO</value>
            </parameter>
            <parameter>
                <name>IPv4Forwarding</name>
                <value>NO</value>
            </parameter>
            <parameter>
                <name>IPv6Forwarding</name>
                <value>NO</value>
            </parameter>
            <parameter>
                <name>vrfForwarding</name>
                <value></value>
            </parameter>
        </parameters>
    </object>
    <object>
        <name>FastEthernet0/10</name>
        <objectType>Discovery Interface</objectType>
        <parameters>
            <parameter>
                <name>ifIndex</name>
                <value>10010</value>
            </parameter>
            <parameter>
                <name>ifDescr</name>
                <value>FastEthernet0/10</value>
            </parameter>
            <parameter>
                <name>ifName</name>
                <value>Fa0/10</value>
            </parameter>
            <parameter>
                <name>ifType</name>
                <value>ethernetCsmacd</value>
            </parameter>
            <parameter>
                <name>ifSpeed</name>
                <value></value>
            </parameter>
            <parameter>
                <name>ifAdminStatus</name>
                <value>DOWN</value>
            </parameter>
            <parameter>
                <name>ifOperStatus</name>
                <value>DOWN</value>
            </parameter>
            <parameter>
                <name>ifPhysAddress</name>
                <value>00:26:0a:3c:42:8c</value>
            </parameter>
            <parameter>
                <name>CableCut</name>
                <value>NO</value>
            </parameter>
            <parameter>
                <name>IPv4Forwarding</name>
                <value>NO</value>
            </parameter>
            <parameter>
                <name>IPv6Forwarding</name>
                <value>NO</value>
            </parameter>
            <parameter>
                <name>vrfForwarding</name>
                <value></value>
            </parameter>
        </parameters>
    </object>
    <object>
        <name>FastEthernet0/11</name>
        <objectType>Discovery Interface</objectType>
        <parameters>
            <parameter>
                <name>ifIndex</name>
                <value>10011</value>
            </parameter>
            <parameter>
                <name>ifDescr</name>
                <value>FastEthernet0/11</value>
            </parameter>
            <parameter>
                <name>ifName</name>
                <value>Fa0/11</value>
            </parameter>
            <parameter>
                <name>ifType</name>
                <value>ethernetCsmacd</value>
            </parameter>
            <parameter>
                <name>ifSpeed</name>
                <value></value>
            </parameter>
            <parameter>
                <name>ifAdminStatus</name>
                <value>DOWN</value>
            </parameter>
            <parameter>
                <name>ifOperStatus</name>
                <value>DOWN</value>
            </parameter>
            <parameter>
                <name>ifPhysAddress</name>
                <value>00:26:0a:3c:42:8d</value>
            </parameter>
            <parameter>
                <name>CableCut</name>
                <value>NO</value>
            </parameter>
            <parameter>
                <name>IPv4Forwarding</name>
                <value>NO</value>
            </parameter>
            <parameter>
                <name>IPv6Forwarding</name>
                <value>NO</value>
            </parameter>
            <parameter>
                <name>vrfForwarding</name>
                <value></value>
            </parameter>
        </parameters>
    </object>
    <object>
        <name>FastEthernet0/12</name>
        <objectType>Discovery Interface</objectType>
        <parameters>
            <parameter>
                <name>ifIndex</name>
                <value>10012</value>
            </parameter>
            <parameter>
                <name>ifDescr</name>
                <value>FastEthernet0/12</value>
            </parameter>
            <parameter>
                <name>ifName</name>
                <value>Fa0/12</value>
            </parameter>
            <parameter>
                <name>ifType</name>
                <value>ethernetCsmacd</value>
            </parameter>
            <parameter>
                <name>ifSpeed</name>
                <value></value>
            </parameter>
            <parameter>
                <name>ifAdminStatus</name>
                <value>DOWN</value>
            </parameter>
            <parameter>
                <name>ifOperStatus</name>
                <value>DOWN</value>
            </parameter>
            <parameter>
                <name>ifPhysAddress</name>
                <value>00:26:0a:3c:42:8e</value>
            </parameter>
            <parameter>
                <name>CableCut</name>
                <value>NO</value>
            </parameter>
            <parameter>
                <name>IPv4Forwarding</name>
                <value>NO</value>
            </parameter>
            <parameter>
                <name>IPv6Forwarding</name>
                <value>NO</value>
            </parameter>
            <parameter>
                <name>vrfForwarding</name>
                <value></value>
            </parameter>
        </parameters>
    </object>
    <object>
        <name>FastEthernet0/13</name>
        <objectType>Discovery Interface</objectType>
        <parameters>
            <parameter>
                <name>ifIndex</name>
                <value>10013</value>
            </parameter>
            <parameter>
                <name>ifDescr</name>
                <value>FastEthernet0/13</value>
            </parameter>
            <parameter>
                <name>ifName</name>
                <value>Fa0/13</value>
            </parameter>
            <parameter>
                <name>ifType</name>
                <value>ethernetCsmacd</value>
            </parameter>
            <parameter>
                <name>ifSpeed</name>
                <value></value>
            </parameter>
            <parameter>
                <name>ifAdminStatus</name>
                <value>DOWN</value>
            </parameter>
            <parameter>
                <name>ifOperStatus</name>
                <value>DOWN</value>
            </parameter>
            <parameter>
                <name>ifPhysAddress</name>
                <value>00:26:0a:3c:42:8f</value>
            </parameter>
            <parameter>
                <name>CableCut</name>
                <value>NO</value>
            </parameter>
            <parameter>
                <name>IPv4Forwarding</name>
                <value>NO</value>
            </parameter>
            <parameter>
                <name>IPv6Forwarding</name>
                <value>NO</value>
            </parameter>
            <parameter>
                <name>vrfForwarding</name>
                <value></value>
            </parameter>
        </parameters>
    </object>
    <object>
        <name>FastEthernet0/14</name>
        <objectType>Discovery Interface</objectType>
        <parameters>
            <parameter>
                <name>ifIndex</name>
                <value>10014</value>
            </parameter>
            <parameter>
                <name>ifDescr</name>
                <value>FastEthernet0/14</value>
            </parameter>
            <parameter>
                <name>ifName</name>
                <value>Fa0/14</value>
            </parameter>
            <parameter>
                <name>ifType</name>
                <value>ethernetCsmacd</value>
            </parameter>
            <parameter>
                <name>ifSpeed</name>
                <value></value>
            </parameter>
            <parameter>
                <name>ifAdminStatus</name>
                <value>DOWN</value>
            </parameter>
            <parameter>
                <name>ifOperStatus</name>
                <value>DOWN</value>
            </parameter>
            <parameter>
                <name>ifPhysAddress</name>
                <value>00:26:0a:3c:42:90</value>
            </parameter>
            <parameter>
                <name>CableCut</name>
                <value>NO</value>
            </parameter>
            <parameter>
                <name>IPv4Forwarding</name>
                <value>NO</value>
            </parameter>
            <parameter>
                <name>IPv6Forwarding</name>
                <value>NO</value>
            </parameter>
            <parameter>
                <name>vrfForwarding</name>
                <value></value>
            </parameter>
        </parameters>
    </object>
    <object>
        <name>FastEthernet0/15</name>
        <objectType>Discovery Interface</objectType>
        <parameters>
            <parameter>
                <name>ifIndex</name>
                <value>10015</value>
            </parameter>
            <parameter>
                <name>ifDescr</name>
                <value>FastEthernet0/15</value>
            </parameter>
            <parameter>
                <name>ifName</name>
                <value>Fa0/15</value>
            </parameter>
            <parameter>
                <name>ifType</name>
                <value>ethernetCsmacd</value>
            </parameter>
            <parameter>
                <name>ifSpeed</name>
                <value></value>
            </parameter>
            <parameter>
                <name>ifAdminStatus</name>
                <value>DOWN</value>
            </parameter>
            <parameter>
                <name>ifOperStatus</name>
                <value>DOWN</value>
            </parameter>
            <parameter>
                <name>ifPhysAddress</name>
                <value>00:26:0a:3c:42:91</value>
            </parameter>
            <parameter>
                <name>CableCut</name>
                <value>NO</value>
            </parameter>
            <parameter>
                <name>IPv4Forwarding</name>
                <value>NO</value>
            </parameter>
            <parameter>
                <name>IPv6Forwarding</name>
                <value>NO</value>
            </parameter>
            <parameter>
                <name>vrfForwarding</name>
                <value></value>
            </parameter>
        </parameters>
    </object>
    <object>
        <name>FastEthernet0/16</name>
        <objectType>Discovery Interface</objectType>
        <parameters>
            <parameter>
                <name>ifIndex</name>
                <value>10016</value>
            </parameter>
            <parameter>
                <name>ifDescr</name>
                <value>FastEthernet0/16</value>
            </parameter>
            <parameter>
                <name>ifName</name>
                <value>Fa0/16</value>
            </parameter>
            <parameter>
                <name>ifType</name>
                <value>ethernetCsmacd</value>
            </parameter>
            <parameter>
                <name>ifSpeed</name>
                <value></value>
            </parameter>
            <parameter>
                <name>ifAdminStatus</name>
                <value>DOWN</value>
            </parameter>
            <parameter>
                <name>ifOperStatus</name>
                <value>DOWN</value>
            </parameter>
            <parameter>
                <name>ifPhysAddress</name>
                <value>00:26:0a:3c:42:92</value>
            </parameter>
            <parameter>
                <name>CableCut</name>
                <value>NO</value>
            </parameter>
            <parameter>
                <name>IPv4Forwarding</name>
                <value>NO</value>
            </parameter>
            <parameter>
                <name>IPv6Forwarding</name>
                <value>NO</value>
            </parameter>
            <parameter>
                <name>vrfForwarding</name>
                <value></value>
            </parameter>
        </parameters>
    </object>
    <object>
        <name>FastEthernet0/17</name>
        <objectType>Discovery Interface</objectType>
        <parameters>
            <parameter>
                <name>ifIndex</name>
                <value>10017</value>
            </parameter>
            <parameter>
                <name>ifDescr</name>
                <value>FastEthernet0/17</value>
            </parameter>
            <parameter>
                <name>ifName</name>
                <value>Fa0/17</value>
            </parameter>
            <parameter>
                <name>ifType</name>
                <value>ethernetCsmacd</value>
            </parameter>
            <parameter>
                <name>ifSpeed</name>
                <value></value>
            </parameter>
            <parameter>
                <name>ifAdminStatus</name>
                <value>DOWN</value>
            </parameter>
            <parameter>
                <name>ifOperStatus</name>
                <value>DOWN</value>
            </parameter>
            <parameter>
                <name>ifPhysAddress</name>
                <value>00:26:0a:3c:42:93</value>
            </parameter>
            <parameter>
                <name>CableCut</name>
                <value>NO</value>
            </parameter>
            <parameter>
                <name>IPv4Forwarding</name>
                <value>NO</value>
            </parameter>
            <parameter>
                <name>IPv6Forwarding</name>
                <value>NO</value>
            </parameter>
            <parameter>
                <name>vrfForwarding</name>
                <value></value>
            </parameter>
        </parameters>
    </object>
    <object>
        <name>FastEthernet0/18</name>
        <objectType>Discovery Interface</objectType>
        <parameters>
            <parameter>
                <name>ifIndex</name>
                <value>10018</value>
            </parameter>
            <parameter>
                <name>ifDescr</name>
                <value>FastEthernet0/18</value>
            </parameter>
            <parameter>
                <name>ifName</name>
                <value>Fa0/18</value>
            </parameter>
            <parameter>
                <name>ifType</name>
                <value>ethernetCsmacd</value>
            </parameter>
            <parameter>
                <name>ifSpeed</name>
                <value></value>
            </parameter>
            <parameter>
                <name>ifAdminStatus</name>
                <value>DOWN</value>
            </parameter>
            <parameter>
                <name>ifOperStatus</name>
                <value>DOWN</value>
            </parameter>
            <parameter>
                <name>ifPhysAddress</name>
                <value>00:26:0a:3c:42:94</value>
            </parameter>
            <parameter>
                <name>CableCut</name>
                <value>NO</value>
            </parameter>
            <parameter>
                <name>IPv4Forwarding</name>
                <value>NO</value>
            </parameter>
            <parameter>
                <name>IPv6Forwarding</name>
                <value>NO</value>
            </parameter>
            <parameter>
                <name>vrfForwarding</name>
                <value></value>
            </parameter>
        </parameters>
    </object>
    <object>
        <name>FastEthernet0/19</name>
        <objectType>Discovery Interface</objectType>
        <parameters>
            <parameter>
                <name>ifIndex</name>
                <value>10019</value>
            </parameter>
            <parameter>
                <name>ifDescr</name>
                <value>FastEthernet0/19</value>
            </parameter>
            <parameter>
                <name>ifName</name>
                <value>Fa0/19</value>
            </parameter>
            <parameter>
                <name>ifType</name>
                <value>ethernetCsmacd</value>
            </parameter>
            <parameter>
                <name>ifSpeed</name>
                <value></value>
            </parameter>
            <parameter>
                <name>ifAdminStatus</name>
                <value>DOWN</value>
            </parameter>
            <parameter>
                <name>ifOperStatus</name>
                <value>DOWN</value>
            </parameter>
            <parameter>
                <name>ifPhysAddress</name>
                <value>00:26:0a:3c:42:95</value>
            </parameter>
            <parameter>
                <name>CableCut</name>
                <value>NO</value>
            </parameter>
            <parameter>
                <name>IPv4Forwarding</name>
                <value>NO</value>
            </parameter>
            <parameter>
                <name>IPv6Forwarding</name>
                <value>NO</value>
            </parameter>
            <parameter>
                <name>vrfForwarding</name>
                <value></value>
            </parameter>
        </parameters>
    </object>
    <object>
        <name>FastEthernet0/20</name>
        <objectType>Discovery Interface</objectType>
        <parameters>
            <parameter>
                <name>ifIndex</name>
                <value>10020</value>
            </parameter>
            <parameter>
                <name>ifDescr</name>
                <value>FastEthernet0/20</value>
            </parameter>
            <parameter>
                <name>ifName</name>
                <value>Fa0/20</value>
            </parameter>
            <parameter>
                <name>ifType</name>
                <value>ethernetCsmacd</value>
            </parameter>
            <parameter>
                <name>ifSpeed</name>
                <value></value>
            </parameter>
            <parameter>
                <name>ifAdminStatus</name>
                <value>DOWN</value>
            </parameter>
            <parameter>
                <name>ifOperStatus</name>
                <value>DOWN</value>
            </parameter>
            <parameter>
                <name>ifPhysAddress</name>
                <value>00:26:0a:3c:42:96</value>
            </parameter>
            <parameter>
                <name>CableCut</name>
                <value>NO</value>
            </parameter>
            <parameter>
                <name>IPv4Forwarding</name>
                <value>NO</value>
            </parameter>
            <parameter>
                <name>IPv6Forwarding</name>
                <value>NO</value>
            </parameter>
            <parameter>
                <name>vrfForwarding</name>
                <value></value>
            </parameter>
        </parameters>
    </object>
    <object>
        <name>FastEthernet0/21</name>
        <objectType>Discovery Interface</objectType>
        <parameters>
            <parameter>
                <name>ifIndex</name>
                <value>10021</value>
            </parameter>
            <parameter>
                <name>ifDescr</name>
                <value>FastEthernet0/21</value>
            </parameter>
            <parameter>
                <name>ifName</name>
                <value>Fa0/21</value>
            </parameter>
            <parameter>
                <name>ifType</name>
                <value>ethernetCsmacd</value>
            </parameter>
            <parameter>
                <name>ifSpeed</name>
                <value></value>
            </parameter>
            <parameter>
                <name>ifAdminStatus</name>
                <value>DOWN</value>
            </parameter>
            <parameter>
                <name>ifOperStatus</name>
                <value>DOWN</value>
            </parameter>
            <parameter>
                <name>ifPhysAddress</name>
                <value>00:26:0a:3c:42:97</value>
            </parameter>
            <parameter>
                <name>CableCut</name>
                <value>NO</value>
            </parameter>
            <parameter>
                <name>IPv4Forwarding</name>
                <value>NO</value>
            </parameter>
            <parameter>
                <name>IPv6Forwarding</name>
                <value>NO</value>
            </parameter>
            <parameter>
                <name>vrfForwarding</name>
                <value></value>
            </parameter>
        </parameters>
    </object>
    <object>
        <name>FastEthernet0/22</name>
        <objectType>Discovery Interface</objectType>
        <parameters>
            <parameter>
                <name>ifIndex</name>
                <value>10022</value>
            </parameter>
            <parameter>
                <name>ifDescr</name>
                <value>FastEthernet0/22</value>
            </parameter>
            <parameter>
                <name>ifName</name>
                <value>Fa0/22</value>
            </parameter>
            <parameter>
                <name>ifType</name>
                <value>ethernetCsmacd</value>
            </parameter>
            <parameter>
                <name>ifSpeed</name>
                <value></value>
            </parameter>
            <parameter>
                <name>ifAdminStatus</name>
                <value>DOWN</value>
            </parameter>
            <parameter>
                <name>ifOperStatus</name>
                <value>DOWN</value>
            </parameter>
            <parameter>
                <name>ifPhysAddress</name>
                <value>00:26:0a:3c:42:98</value>
            </parameter>
            <parameter>
                <name>CableCut</name>
                <value>NO</value>
            </parameter>
            <parameter>
                <name>IPv4Forwarding</name>
                <value>NO</value>
            </parameter>
            <parameter>
                <name>IPv6Forwarding</name>
                <value>NO</value>
            </parameter>
            <parameter>
                <name>vrfForwarding</name>
                <value></value>
            </parameter>
        </parameters>
    </object>
    <object>
        <name>FastEthernet0/23</name>
        <objectType>Discovery Interface</objectType>
        <parameters>
            <parameter>
                <name>ifIndex</name>
                <value>10023</value>
            </parameter>
            <parameter>
                <name>ifDescr</name>
                <value>FastEthernet0/23</value>
            </parameter>
            <parameter>
                <name>ifName</name>
                <value>Fa0/23</value>
            </parameter>
            <parameter>
                <name>ifType</name>
                <value>ethernetCsmacd</value>
            </parameter>
            <parameter>
                <name>ifSpeed</name>
                <value></value>
            </parameter>
            <parameter>
                <name>ifAdminStatus</name>
                <value>DOWN</value>
            </parameter>
            <parameter>
                <name>ifOperStatus</name>
                <value>DOWN</value>
            </parameter>
            <parameter>
                <name>ifPhysAddress</name>
                <value>00:26:0a:3c:42:99</value>
            </parameter>
            <parameter>
                <name>CableCut</name>
                <value>NO</value>
            </parameter>
            <parameter>
                <name>IPv4Forwarding</name>
                <value>NO</value>
            </parameter>
            <parameter>
                <name>IPv6Forwarding</name>
                <value>NO</value>
            </parameter>
            <parameter>
                <name>vrfForwarding</name>
                <value></value>
            </parameter>
        </parameters>
    </object>
    <object>
        <name>FastEthernet0/24</name>
        <objectType>Discovery Interface</objectType>
        <parameters>
            <parameter>
                <name>ifIndex</name>
                <value>10024</value>
            </parameter>
            <parameter>
                <name>ifDescr</name>
                <value>FastEthernet0/24</value>
            </parameter>
            <parameter>
                <name>ifName</name>
                <value>Fa0/24</value>
            </parameter>
            <parameter>
                <name>ifType</name>
                <value>ethernetCsmacd</value>
            </parameter>
            <parameter>
                <name>ifSpeed</name>
                <value></value>
            </parameter>
            <parameter>
                <name>ifAdminStatus</name>
                <value>DOWN</value>
            </parameter>
            <parameter>
                <name>ifOperStatus</name>
                <value>DOWN</value>
            </parameter>
            <parameter>
                <name>ifPhysAddress</name>
                <value>00:26:0a:3c:42:9a</value>
            </parameter>
            <parameter>
                <name>CableCut</name>
                <value>NO</value>
            </parameter>
            <parameter>
                <name>IPv4Forwarding</name>
                <value>NO</value>
            </parameter>
            <parameter>
                <name>IPv6Forwarding</name>
                <value>NO</value>
            </parameter>
            <parameter>
                <name>vrfForwarding</name>
                <value></value>
            </parameter>
        </parameters>
    </object>
    <object>
        <name>GigabitEthernet0/1</name>
        <objectType>Discovery Interface</objectType>
        <parameters>
            <parameter>
                <name>ifIndex</name>
                <value>10101</value>
            </parameter>
            <parameter>
                <name>ifDescr</name>
                <value>GigabitEthernet0/1</value>
            </parameter>
            <parameter>
                <name>ifName</name>
                <value>Gi0/1</value>
            </parameter>
            <parameter>
                <name>ifType</name>
                <value>ethernetCsmacd</value>
            </parameter>
            <parameter>
                <name>ifSpeed</name>
                <value></value>
            </parameter>
            <parameter>
                <name>ifAdminStatus</name>
                <value>UP</value>
            </parameter>
            <parameter>
                <name>ifOperStatus</name>
                <value>UP</value>
            </parameter>
            <parameter>
                <name>ifPhysAddress</name>
                <value>00:26:0a:3c:42:81</value>
            </parameter>
            <parameter>
                <name>CableCut</name>
                <value>NO</value>
            </parameter>
            <parameter>
                <name>IPv4Forwarding</name>
                <value>NO</value>
            </parameter>
            <parameter>
                <name>IPv6Forwarding</name>
                <value>NO</value>
            </parameter>
            <parameter>
                <name>vrfForwarding</name>
                <value></value>
            </parameter>
        </parameters>
        <object>
            <name>00:22:55:76:6b:d2</name>
            <objectType>Discovered Neighbor</objectType>
            <parameters>
                <parameter>
                    <name>Reachable</name>
                    <value>NO</value>
                </parameter>
                <parameter>
                    <name>Discovery Method</name>
                    <value>MAC</value>
                </parameter>
                <parameter>
                    <name>Neighbor Port</name>
                    <value></value>
                </parameter>
                <parameter>
                    <name>Neighbor IP Address</name>
                    <value></value>
                </parameter>
                <parameter>
                    <name>Neighbor hostname</name>
                    <value>00:22:55:76:6b:d2</value>
                </parameter>
                <parameter>
                    <name>Neighbor Device Type</name>
                    <value>UNKNOWN</value>
                </parameter>
                <parameter>
                    <name>Neighbor MAC Address</name>
                    <value>00:22:55:76:6b:d2</value>
                </parameter>
            </parameters>
        </object>
        <object>
            <name>R-238</name>
            <objectType>Discovered Neighbor</objectType>
            <parameters>
                <parameter>
                    <name>Reachable</name>
                    <value>NO</value>
                </parameter>
                <parameter>
                    <name>Discovery Method</name>
                    <value>CDP</value>
                </parameter>
                <parameter>
                    <name>Neighbor Port</name>
                    <value>GigabitEthernet3/0/18</value>
                </parameter>
                <parameter>
                    <name>Neighbor IP Address</name>
                    <value></value>
                </parameter>
                <parameter>
                    <name>Neighbor hostname</name>
                    <value>R-238</value>
                </parameter>
                <parameter>
                    <name>Neighbor Device Type</name>
                    <value>UNKNOWN</value>
                </parameter>
                <parameter>
                    <name>Neighbor MAC Address</name>
                    <value></value>
                </parameter>
            </parameters>
        </object>
    </object>
    <object>
        <name>GigabitEthernet0/2</name>
        <objectType>Discovery Interface</objectType>
        <parameters>
            <parameter>
                <name>ifIndex</name>
                <value>10102</value>
            </parameter>
            <parameter>
                <name>ifDescr</name>
                <value>GigabitEthernet0/2</value>
            </parameter>
            <parameter>
                <name>ifName</name>
                <value>Gi0/2</value>
            </parameter>
            <parameter>
                <name>ifType</name>
                <value>ethernetCsmacd</value>
            </parameter>
            <parameter>
                <name>ifSpeed</name>
                <value></value>
            </parameter>
            <parameter>
                <name>ifAdminStatus</name>
                <value>UP</value>
            </parameter>
            <parameter>
                <name>ifOperStatus</name>
                <value>DOWN</value>
            </parameter>
            <parameter>
                <name>ifPhysAddress</name>
                <value>00:26:0a:3c:42:82</value>
            </parameter>
            <parameter>
                <name>CableCut</name>
                <value>UNKNOWN</value>
            </parameter>
            <parameter>
                <name>IPv4Forwarding</name>
                <value>NO</value>
            </parameter>
            <parameter>
                <name>IPv6Forwarding</name>
                <value>NO</value>
            </parameter>
            <parameter>
                <name>vrfForwarding</name>
                <value></value>
            </parameter>
        </parameters>
    </object>
    <object>
        <name>Null0</name>
        <objectType>Discovery Interface</objectType>
        <parameters>
            <parameter>
                <name>ifIndex</name>
                <value>10501</value>
            </parameter>
            <parameter>
                <name>ifDescr</name>
                <value>Null0</value>
            </parameter>
            <parameter>
                <name>ifName</name>
                <value>Nu0</value>
            </parameter>
            <parameter>
                <name>ifType</name>
                <value>other</value>
            </parameter>
            <parameter>
                <name>ifSpeed</name>
                <value></value>
            </parameter>
            <parameter>
                <name>ifAdminStatus</name>
                <value>UP</value>
            </parameter>
            <parameter>
                <name>ifOperStatus</name>
                <value>UP</value>
            </parameter>
            <parameter>
                <name>ifPhysAddress</name>
                <value></value>
            </parameter>
            <parameter>
                <name>CableCut</name>
                <value>NO</value>
            </parameter>
            <parameter>
                <name>IPv4Forwarding</name>
                <value>NO</value>
            </parameter>
            <parameter>
                <name>IPv6Forwarding</name>
                <value>NO</value>
            </parameter>
            <parameter>
                <name>vrfForwarding</name>
                <value></value>
            </parameter>
        </parameters>
    </object>
    <object>
        <name>DeviceLogicalData</name>
        <objectType>DeviceLogicalData</objectType>
        <parameters/>
    </object>
    <object>
        <name>mplsL3VPNs</name>
        <objectType>mplsL3VPNs</objectType>
        <parameters/>
    </object>
</DiscoveredDevice>
